{
"contracts/DSO.sol":{"l":{"12":23,"16":22,"17":22,"21":31,"25":1,"26":1,"30":1,"34":1,"38":1,"39":1},"path":"/home/nobert/speciale/blockchain/contracts/DSO.sol","s":{"1":22,"2":31,"3":1,"4":1,"5":1,"6":1},"b":{"1":[22,0],"2":[1,0],"3":[1,0]},"f":{"1":23,"2":22,"3":31,"4":1,"5":1,"6":1,"7":1},"fnMap":{"1":{"name":"constructor","line":11,"loc":{"start":{"line":11,"column":4},"end":{"line":13,"column":4}}},"2":{"name":"registerKey","line":15,"loc":{"start":{"line":15,"column":4},"end":{"line":18,"column":4}}},"3":{"name":"isRegisteredKey","line":20,"loc":{"start":{"line":20,"column":4},"end":{"line":22,"column":4}}},"4":{"name":"removeRegisteredKey","line":24,"loc":{"start":{"line":24,"column":4},"end":{"line":27,"column":4}}},"5":{"name":"getOwner","line":29,"loc":{"start":{"line":29,"column":5},"end":{"line":31,"column":4}}},"6":{"name":"getGroupkey","line":33,"loc":{"start":{"line":33,"column":4},"end":{"line":35,"column":4}}},"7":{"name":"setGroupKey","line":37,"loc":{"start":{"line":37,"column":4},"end":{"line":40,"column":4}}}},"statementMap":{"1":{"start":{"line":16,"column":8},"end":{"line":16,"column":71}},"2":{"start":{"line":21,"column":8},"end":{"line":21,"column":61}},"3":{"start":{"line":25,"column":8},"end":{"line":25,"column":65}},"4":{"start":{"line":30,"column":8},"end":{"line":30,"column":20}},"5":{"start":{"line":34,"column":8},"end":{"line":34,"column":23}},"6":{"start":{"line":38,"column":8},"end":{"line":38,"column":71}}},"branchMap":{"1":{"line":16,"type":"if","locations":[{"start":{"line":16,"column":8},"end":{"line":16,"column":8}},{"start":{"line":16,"column":8},"end":{"line":16,"column":8}}]},"2":{"line":25,"type":"if","locations":[{"start":{"line":25,"column":8},"end":{"line":25,"column":8}},{"start":{"line":25,"column":8},"end":{"line":25,"column":8}}]},"3":{"line":38,"type":"if","locations":[{"start":{"line":38,"column":8},"end":{"line":38,"column":8}},{"start":{"line":38,"column":8},"end":{"line":38,"column":8}}]}}},
"contracts/Market.sol":{"l":{"73":28,"75":28,"76":2,"78":26,"85":18,"86":18,"87":18,"88":18,"104":26,"108":26,"112":24,"114":24,"125":20,"126":20,"137":20,"139":20,"146":1,"149":1,"152":1,"153":1,"155":1,"160":13,"163":13,"167":13,"168":11,"172":9,"174":9,"186":9,"188":9,"189":9,"190":9,"196":2,"200":1,"201":1,"202":1,"203":1,"205":1,"207":1,"211":2,"219":6,"234":4,"235":4,"236":7,"240":7,"241":3,"250":4,"257":4,"259":7,"260":1,"265":7},"path":"/home/nobert/speciale/blockchain/contracts/Market.sol","s":{"1":28,"2":28,"3":2,"4":26,"5":26,"6":24,"7":24,"8":20,"9":20,"10":1,"11":1,"12":1,"13":1,"14":13,"15":13,"16":13,"17":11,"18":9,"19":9,"20":9,"21":9,"22":2,"23":1,"24":1,"25":1,"26":1,"27":1,"28":2,"29":6,"30":4,"31":4,"32":7,"33":7,"34":3,"35":4,"36":4,"37":7,"38":7},"b":{"1":[2,26],"2":[26,2],"3":[26,0],"4":[24,2],"5":[24,0],"6":[20,4],"7":[1,0],"8":[13,0],"9":[11,2],"10":[9,2],"11":[9,0],"12":[4,0],"13":[3,4],"14":[1,6]},"f":{"1":28,"2":18,"3":26,"4":1,"5":13,"6":2,"7":1,"8":2,"9":6,"10":4},"fnMap":{"1":{"name":"nonceGuard","line":72,"loc":{"start":{"line":72,"column":4},"end":{"line":79,"column":4}}},"2":{"name":"constructor","line":81,"loc":{"start":{"line":81,"column":4},"end":{"line":89,"column":4}}},"3":{"name":"addOffer","line":102,"loc":{"start":{"line":91,"column":4},"end":{"line":140,"column":4}}},"4":{"name":"removeOffer","line":142,"loc":{"start":{"line":142,"column":4},"end":{"line":156,"column":4}}},"5":{"name":"buyOffer","line":158,"loc":{"start":{"line":158,"column":4},"end":{"line":193,"column":4}}},"6":{"name":"getOffer","line":195,"loc":{"start":{"line":195,"column":4},"end":{"line":197,"column":4}}},"7":{"name":"getOffers","line":199,"loc":{"start":{"line":199,"column":4},"end":{"line":208,"column":4}}},"8":{"name":"getOfferIDs","line":210,"loc":{"start":{"line":210,"column":4},"end":{"line":212,"column":4}}},"9":{"name":"getPendingOffers","line":214,"loc":{"start":{"line":214,"column":4},"end":{"line":220,"column":4}}},"10":{"name":"validatePendingOffers","line":231,"loc":{"start":{"line":231,"column":4},"end":{"line":267,"column":4}}}},"statementMap":{"1":{"start":{"line":73,"column":8},"end":{"line":73,"column":42}},"2":{"start":{"line":75,"column":8},"end":{"line":75,"column":1883}},"3":{"start":{"line":76,"column":12},"end":{"line":76,"column":44}},"4":{"start":{"line":104,"column":8},"end":{"line":104,"column":2672}},"5":{"start":{"line":108,"column":8},"end":{"line":108,"column":2812}},"6":{"start":{"line":112,"column":8},"end":{"line":112,"column":71}},"7":{"start":{"line":114,"column":8},"end":{"line":114,"column":3025}},"8":{"start":{"line":137,"column":8},"end":{"line":137,"column":24}},"9":{"start":{"line":139,"column":8},"end":{"line":139,"column":19}},"10":{"start":{"line":146,"column":8},"end":{"line":146,"column":39}},"11":{"start":{"line":149,"column":8},"end":{"line":149,"column":72}},"12":{"start":{"line":152,"column":8},"end":{"line":152,"column":84}},"13":{"start":{"line":155,"column":8},"end":{"line":155,"column":19}},"14":{"start":{"line":160,"column":8},"end":{"line":160,"column":39}},"15":{"start":{"line":163,"column":8},"end":{"line":163,"column":4324}},"16":{"start":{"line":167,"column":8},"end":{"line":167,"column":78}},"17":{"start":{"line":168,"column":8},"end":{"line":168,"column":71}},"18":{"start":{"line":174,"column":8},"end":{"line":174,"column":4654}},"19":{"start":{"line":186,"column":8},"end":{"line":186,"column":5077}},"20":{"start":{"line":188,"column":12},"end":{"line":188,"column":5197}},"21":{"start":{"line":190,"column":16},"end":{"line":190,"column":29}},"22":{"start":{"line":196,"column":8},"end":{"line":196,"column":25}},"23":{"start":{"line":200,"column":8},"end":{"line":200,"column":66}},"24":{"start":{"line":201,"column":8},"end":{"line":201,"column":5629}},"25":{"start":{"line":202,"column":12},"end":{"line":202,"column":48}},"26":{"start":{"line":203,"column":12},"end":{"line":203,"column":49}},"27":{"start":{"line":207,"column":8},"end":{"line":207,"column":27}},"28":{"start":{"line":211,"column":8},"end":{"line":211,"column":23}},"29":{"start":{"line":219,"column":8},"end":{"line":219,"column":40}},"30":{"start":{"line":234,"column":8},"end":{"line":234,"column":58}},"31":{"start":{"line":235,"column":8},"end":{"line":235,"column":6441}},"32":{"start":{"line":236,"column":12},"end":{"line":236,"column":6508}},"33":{"start":{"line":240,"column":12},"end":{"line":240,"column":6677}},"34":{"start":{"line":241,"column":16},"end":{"line":241,"column":6730}},"35":{"start":{"line":250,"column":16},"end":{"line":250,"column":7053}},"36":{"start":{"line":257,"column":8},"end":{"line":257,"column":7260}},"37":{"start":{"line":259,"column":12},"end":{"line":259,"column":7385}},"38":{"start":{"line":265,"column":12},"end":{"line":265,"column":42}}},"branchMap":{"1":{"line":75,"type":"if","locations":[{"start":{"line":75,"column":8},"end":{"line":75,"column":8}},{"start":{"line":75,"column":8},"end":{"line":75,"column":8}}]},"2":{"line":102,"type":"if","locations":[{"start":{"line":102,"column":13},"end":{"line":102,"column":13}},{"start":{"line":102,"column":13},"end":{"line":102,"column":13}}]},"3":{"line":104,"type":"if","locations":[{"start":{"line":104,"column":8},"end":{"line":104,"column":8}},{"start":{"line":104,"column":8},"end":{"line":104,"column":8}}]},"4":{"line":108,"type":"if","locations":[{"start":{"line":108,"column":8},"end":{"line":108,"column":8}},{"start":{"line":108,"column":8},"end":{"line":108,"column":8}}]},"5":{"line":112,"type":"if","locations":[{"start":{"line":112,"column":8},"end":{"line":112,"column":8}},{"start":{"line":112,"column":8},"end":{"line":112,"column":8}}]},"6":{"line":114,"type":"if","locations":[{"start":{"line":114,"column":8},"end":{"line":114,"column":8}},{"start":{"line":114,"column":8},"end":{"line":114,"column":8}}]},"7":{"line":149,"type":"if","locations":[{"start":{"line":149,"column":8},"end":{"line":149,"column":8}},{"start":{"line":149,"column":8},"end":{"line":149,"column":8}}]},"8":{"line":163,"type":"if","locations":[{"start":{"line":163,"column":8},"end":{"line":163,"column":8}},{"start":{"line":163,"column":8},"end":{"line":163,"column":8}}]},"9":{"line":167,"type":"if","locations":[{"start":{"line":167,"column":8},"end":{"line":167,"column":8}},{"start":{"line":167,"column":8},"end":{"line":167,"column":8}}]},"10":{"line":168,"type":"if","locations":[{"start":{"line":168,"column":8},"end":{"line":168,"column":8}},{"start":{"line":168,"column":8},"end":{"line":168,"column":8}}]},"11":{"line":188,"type":"if","locations":[{"start":{"line":188,"column":12},"end":{"line":188,"column":12}},{"start":{"line":188,"column":12},"end":{"line":188,"column":12}}]},"12":{"line":234,"type":"if","locations":[{"start":{"line":234,"column":8},"end":{"line":234,"column":8}},{"start":{"line":234,"column":8},"end":{"line":234,"column":8}}]},"13":{"line":240,"type":"if","locations":[{"start":{"line":240,"column":12},"end":{"line":240,"column":12}},{"start":{"line":240,"column":12},"end":{"line":240,"column":12}}]},"14":{"line":259,"type":"if","locations":[{"start":{"line":259,"column":12},"end":{"line":259,"column":12}},{"start":{"line":259,"column":12},"end":{"line":259,"column":12}}]}}},
"contracts/SmartMeter.sol":{"l":{"23":23,"29":23,"31":23,"32":20,"34":3,"35":2,"37":1,"41":23,"43":23,"49":8,"57":26,"58":24,"59":24,"61":2,"70":28,"74":26,"78":24,"79":2,"81":22,"82":22,"89":8,"93":8,"94":8,"98":1,"102":26},"path":"/home/nobert/speciale/blockchain/contracts/SmartMeter.sol","s":{"1":23,"2":23,"3":23,"4":3,"5":23,"6":8,"7":26,"8":24,"9":2,"10":28,"11":26,"12":24,"13":2,"14":22,"15":8,"16":8},"b":{"1":[23,0],"2":[20,3],"3":[2,1],"4":[24,2],"5":[26,2],"6":[24,2],"7":[2,22],"8":[8,0]},"f":{"1":23,"2":8,"3":26,"4":28,"5":8,"6":1,"7":26},"fnMap":{"1":{"name":"createLog","line":19,"loc":{"start":{"line":19,"column":4},"end":{"line":44,"column":4}}},"2":{"name":"getBatteryCharge","line":46,"loc":{"start":{"line":46,"column":4},"end":{"line":50,"column":4}}},"3":{"name":"checkHashAndSetHash","line":52,"loc":{"start":{"line":52,"column":4},"end":{"line":62,"column":4}}},"4":{"name":"subtractBatteryCharge","line":64,"loc":{"start":{"line":64,"column":4},"end":{"line":83,"column":4}}},"5":{"name":"returnReservedBatteryCharge","line":85,"loc":{"start":{"line":85,"column":4},"end":{"line":95,"column":4}}},"6":{"name":"setMarketAddress","line":97,"loc":{"start":{"line":97,"column":4},"end":{"line":99,"column":4}}},"7":{"name":"createSmartMeter","line":101,"loc":{"start":{"line":101,"column":4},"end":{"line":108,"column":4}}}},"statementMap":{"1":{"start":{"line":23,"column":8},"end":{"line":23,"column":533}},"2":{"start":{"line":29,"column":8},"end":{"line":29,"column":62}},"3":{"start":{"line":31,"column":8},"end":{"line":31,"column":814}},"4":{"start":{"line":34,"column":12},"end":{"line":34,"column":946}},"5":{"start":{"line":41,"column":8},"end":{"line":41,"column":41}},"6":{"start":{"line":49,"column":8},"end":{"line":49,"column":59}},"7":{"start":{"line":57,"column":8},"end":{"line":57,"column":1646}},"8":{"start":{"line":59,"column":12},"end":{"line":59,"column":23}},"9":{"start":{"line":61,"column":8},"end":{"line":61,"column":20}},"10":{"start":{"line":70,"column":8},"end":{"line":70,"column":2024}},"11":{"start":{"line":74,"column":8},"end":{"line":74,"column":2182}},"12":{"start":{"line":78,"column":8},"end":{"line":78,"column":2330}},"13":{"start":{"line":79,"column":12},"end":{"line":79,"column":24}},"14":{"start":{"line":82,"column":8},"end":{"line":82,"column":19}},"15":{"start":{"line":89,"column":8},"end":{"line":89,"column":2669}},"16":{"start":{"line":94,"column":8},"end":{"line":94,"column":19}}},"branchMap":{"1":{"line":23,"type":"if","locations":[{"start":{"line":23,"column":8},"end":{"line":23,"column":8}},{"start":{"line":23,"column":8},"end":{"line":23,"column":8}}]},"2":{"line":31,"type":"if","locations":[{"start":{"line":31,"column":8},"end":{"line":31,"column":8}},{"start":{"line":31,"column":8},"end":{"line":31,"column":8}}]},"3":{"line":34,"type":"if","locations":[{"start":{"line":34,"column":12},"end":{"line":34,"column":12}},{"start":{"line":34,"column":12},"end":{"line":34,"column":12}}]},"4":{"line":57,"type":"if","locations":[{"start":{"line":57,"column":8},"end":{"line":57,"column":8}},{"start":{"line":57,"column":8},"end":{"line":57,"column":8}}]},"5":{"line":70,"type":"if","locations":[{"start":{"line":70,"column":8},"end":{"line":70,"column":8}},{"start":{"line":70,"column":8},"end":{"line":70,"column":8}}]},"6":{"line":74,"type":"if","locations":[{"start":{"line":74,"column":8},"end":{"line":74,"column":8}},{"start":{"line":74,"column":8},"end":{"line":74,"column":8}}]},"7":{"line":78,"type":"if","locations":[{"start":{"line":78,"column":8},"end":{"line":78,"column":8}},{"start":{"line":78,"column":8},"end":{"line":78,"column":8}}]},"8":{"line":89,"type":"if","locations":[{"start":{"line":89,"column":8},"end":{"line":89,"column":8}},{"start":{"line":89,"column":8},"end":{"line":89,"column":8}}]}}}}
