{
"contracts/CableCompany.sol":{"l":{"11":20,"15":19,"16":15,"24":14,"31":23,"36":1,"40":1},"path":"/Users/antonoeschmidt/Projects/Master/SmartGridEmpowered/contracts/CableCompany.sol","s":{"1":19,"2":23,"3":1},"b":{"1":[15,4],"2":[14,4],"3":[1,0]},"f":{"1":20,"2":19,"3":14,"4":23,"5":1,"6":1},"fnMap":{"1":{"name":"constructor","line":10,"loc":{"start":{"line":10,"column":4},"end":{"line":12,"column":4}}},"2":{"name":"isOwner","line":14,"loc":{"start":{"line":14,"column":4},"end":{"line":17,"column":4}}},"3":{"name":"registerKey","line":22,"loc":{"start":{"line":19,"column":4},"end":{"line":25,"column":4}}},"4":{"name":"isRegisteredKey","line":27,"loc":{"start":{"line":27,"column":4},"end":{"line":32,"column":4}}},"5":{"name":"removeRegisteredKey","line":34,"loc":{"start":{"line":34,"column":4},"end":{"line":37,"column":4}}},"6":{"name":"getOwner","line":39,"loc":{"start":{"line":39,"column":4},"end":{"line":41,"column":4}}}},"statementMap":{"1":{"start":{"line":15,"column":8},"end":{"line":15,"column":71}},"2":{"start":{"line":31,"column":8},"end":{"line":31,"column":61}},"3":{"start":{"line":40,"column":8},"end":{"line":40,"column":20}}},"branchMap":{"1":{"line":15,"type":"if","locations":[{"start":{"line":15,"column":8},"end":{"line":15,"column":8}},{"start":{"line":15,"column":8},"end":{"line":15,"column":8}}]},"2":{"line":22,"type":"if","locations":[{"start":{"line":22,"column":13},"end":{"line":22,"column":13}},{"start":{"line":22,"column":13},"end":{"line":22,"column":13}}]},"3":{"line":34,"type":"if","locations":[{"start":{"line":34,"column":66},"end":{"line":34,"column":66}},{"start":{"line":34,"column":66},"end":{"line":34,"column":66}}]}}},
"contracts/Market.sol":{"l":{"58":20,"60":20,"61":2,"63":18,"67":14,"68":14,"84":18,"88":18,"92":16,"94":16,"95":16,"101":12,"102":12,"113":12,"115":12,"123":1,"127":1,"131":1,"133":1,"141":5,"144":5,"148":5,"149":5,"150":5,"151":5,"152":5,"153":5,"154":5,"155":3,"158":1,"165":1,"166":1,"168":1,"170":1,"171":1,"172":1,"176":1,"180":2,"184":1,"185":1,"186":1,"187":1,"189":1,"191":1,"195":2,"199":1,"230":7,"231":7,"232":7,"233":7,"234":7,"235":7,"236":7,"240":1,"244":1,"248":1,"252":1,"256":1,"267":1},"path":"/Users/antonoeschmidt/Projects/Master/SmartGridEmpowered/contracts/Market.sol","s":{"1":20,"2":20,"3":2,"4":18,"5":18,"6":16,"7":16,"8":16,"9":12,"10":12,"11":1,"12":1,"13":1,"14":5,"15":5,"16":5,"17":5,"18":5,"19":5,"20":5,"21":5,"22":5,"23":3,"24":1,"25":1,"26":1,"27":1,"28":1,"29":2,"30":1,"31":1,"32":1,"33":1,"34":1,"35":2,"36":1,"37":1,"38":1,"39":1,"40":1,"41":1,"42":1},"b":{"1":[2,18],"2":[18,2],"3":[18,0],"4":[16,2],"5":[16,0],"6":[12,4],"7":[1,0],"8":[5,0],"9":[3,2],"10":[1,2],"11":[1,0]},"f":{"1":20,"2":14,"3":18,"4":1,"5":5,"6":2,"7":1,"8":2,"9":1,"10":7,"11":1,"12":1,"13":1,"14":1,"15":1},"fnMap":{"1":{"name":"nonceGuard","line":57,"loc":{"start":{"line":57,"column":4},"end":{"line":64,"column":4}}},"2":{"name":"constructor","line":66,"loc":{"start":{"line":66,"column":4},"end":{"line":69,"column":4}}},"3":{"name":"addOffer","line":82,"loc":{"start":{"line":71,"column":4},"end":{"line":116,"column":4}}},"4":{"name":"removeOffer","line":118,"loc":{"start":{"line":118,"column":4},"end":{"line":134,"column":4}}},"5":{"name":"buyOffer","line":136,"loc":{"start":{"line":136,"column":4},"end":{"line":177,"column":4}}},"6":{"name":"getOffer","line":179,"loc":{"start":{"line":179,"column":4},"end":{"line":181,"column":4}}},"7":{"name":"getOffers","line":183,"loc":{"start":{"line":183,"column":4},"end":{"line":192,"column":4}}},"8":{"name":"getOfferIDs","line":194,"loc":{"start":{"line":194,"column":4},"end":{"line":196,"column":4}}},"9":{"name":"getLatestSupplyContract","line":198,"loc":{"start":{"line":198,"column":4},"end":{"line":200,"column":4}}},"10":{"name":"constructor","line":223,"loc":{"start":{"line":223,"column":4},"end":{"line":237,"column":4}}},"11":{"name":"getBuyer","line":239,"loc":{"start":{"line":239,"column":4},"end":{"line":241,"column":4}}},"12":{"name":"getSeller","line":243,"loc":{"start":{"line":243,"column":4},"end":{"line":245,"column":4}}},"13":{"name":"getAmount","line":247,"loc":{"start":{"line":247,"column":4},"end":{"line":249,"column":4}}},"14":{"name":"getPrice","line":251,"loc":{"start":{"line":251,"column":4},"end":{"line":253,"column":4}}},"15":{"name":"getInfo","line":255,"loc":{"start":{"line":255,"column":4},"end":{"line":268,"column":4}}}},"statementMap":{"1":{"start":{"line":58,"column":8},"end":{"line":58,"column":42}},"2":{"start":{"line":60,"column":8},"end":{"line":60,"column":1625}},"3":{"start":{"line":61,"column":12},"end":{"line":61,"column":44}},"4":{"start":{"line":84,"column":8},"end":{"line":84,"column":2296}},"5":{"start":{"line":88,"column":8},"end":{"line":88,"column":2455}},"6":{"start":{"line":92,"column":8},"end":{"line":92,"column":71}},"7":{"start":{"line":94,"column":8},"end":{"line":94,"column":63}},"8":{"start":{"line":95,"column":8},"end":{"line":95,"column":2733}},"9":{"start":{"line":113,"column":8},"end":{"line":113,"column":24}},"10":{"start":{"line":115,"column":8},"end":{"line":115,"column":19}},"11":{"start":{"line":123,"column":8},"end":{"line":123,"column":39}},"12":{"start":{"line":127,"column":8},"end":{"line":127,"column":72}},"13":{"start":{"line":133,"column":8},"end":{"line":133,"column":19}},"14":{"start":{"line":141,"column":8},"end":{"line":141,"column":39}},"15":{"start":{"line":144,"column":8},"end":{"line":144,"column":4056}},"16":{"start":{"line":148,"column":8},"end":{"line":148,"column":61}},"17":{"start":{"line":149,"column":8},"end":{"line":149,"column":36}},"18":{"start":{"line":150,"column":8},"end":{"line":150,"column":34}},"19":{"start":{"line":151,"column":8},"end":{"line":151,"column":32}},"20":{"start":{"line":152,"column":8},"end":{"line":152,"column":42}},"21":{"start":{"line":153,"column":8},"end":{"line":153,"column":37}},"22":{"start":{"line":154,"column":8},"end":{"line":154,"column":72}},"23":{"start":{"line":155,"column":8},"end":{"line":155,"column":66}},"24":{"start":{"line":158,"column":8},"end":{"line":158,"column":4630}},"25":{"start":{"line":168,"column":8},"end":{"line":168,"column":4945}},"26":{"start":{"line":170,"column":12},"end":{"line":170,"column":5065}},"27":{"start":{"line":172,"column":16},"end":{"line":172,"column":29}},"28":{"start":{"line":176,"column":8},"end":{"line":176,"column":26}},"29":{"start":{"line":180,"column":8},"end":{"line":180,"column":25}},"30":{"start":{"line":184,"column":8},"end":{"line":184,"column":66}},"31":{"start":{"line":185,"column":8},"end":{"line":185,"column":5526}},"32":{"start":{"line":186,"column":12},"end":{"line":186,"column":48}},"33":{"start":{"line":187,"column":12},"end":{"line":187,"column":49}},"34":{"start":{"line":191,"column":8},"end":{"line":191,"column":27}},"35":{"start":{"line":195,"column":8},"end":{"line":195,"column":23}},"36":{"start":{"line":199,"column":8},"end":{"line":199,"column":40}},"37":{"start":{"line":240,"column":8},"end":{"line":240,"column":29}},"38":{"start":{"line":244,"column":8},"end":{"line":244,"column":30}},"39":{"start":{"line":248,"column":8},"end":{"line":248,"column":21}},"40":{"start":{"line":252,"column":8},"end":{"line":252,"column":20}},"41":{"start":{"line":256,"column":8},"end":{"line":256,"column":7261}},"42":{"start":{"line":267,"column":8},"end":{"line":267,"column":20}}},"branchMap":{"1":{"line":60,"type":"if","locations":[{"start":{"line":60,"column":8},"end":{"line":60,"column":8}},{"start":{"line":60,"column":8},"end":{"line":60,"column":8}}]},"2":{"line":82,"type":"if","locations":[{"start":{"line":82,"column":13},"end":{"line":82,"column":13}},{"start":{"line":82,"column":13},"end":{"line":82,"column":13}}]},"3":{"line":84,"type":"if","locations":[{"start":{"line":84,"column":8},"end":{"line":84,"column":8}},{"start":{"line":84,"column":8},"end":{"line":84,"column":8}}]},"4":{"line":88,"type":"if","locations":[{"start":{"line":88,"column":8},"end":{"line":88,"column":8}},{"start":{"line":88,"column":8},"end":{"line":88,"column":8}}]},"5":{"line":92,"type":"if","locations":[{"start":{"line":92,"column":8},"end":{"line":92,"column":8}},{"start":{"line":92,"column":8},"end":{"line":92,"column":8}}]},"6":{"line":95,"type":"if","locations":[{"start":{"line":95,"column":8},"end":{"line":95,"column":8}},{"start":{"line":95,"column":8},"end":{"line":95,"column":8}}]},"7":{"line":127,"type":"if","locations":[{"start":{"line":127,"column":8},"end":{"line":127,"column":8}},{"start":{"line":127,"column":8},"end":{"line":127,"column":8}}]},"8":{"line":144,"type":"if","locations":[{"start":{"line":144,"column":8},"end":{"line":144,"column":8}},{"start":{"line":144,"column":8},"end":{"line":144,"column":8}}]},"9":{"line":154,"type":"if","locations":[{"start":{"line":154,"column":8},"end":{"line":154,"column":8}},{"start":{"line":154,"column":8},"end":{"line":154,"column":8}}]},"10":{"line":155,"type":"if","locations":[{"start":{"line":155,"column":8},"end":{"line":155,"column":8}},{"start":{"line":155,"column":8},"end":{"line":155,"column":8}}]},"11":{"line":170,"type":"if","locations":[{"start":{"line":170,"column":12},"end":{"line":170,"column":12}},{"start":{"line":170,"column":12},"end":{"line":170,"column":12}}]}}},
"contracts/SmartMeter.sol":{"l":{"16":18,"17":18,"18":18,"19":18,"35":14,"36":14,"40":14,"41":14,"43":14,"44":13,"47":14,"57":14,"61":4,"68":17,"69":15,"70":15,"72":2,"80":17,"84":17,"88":15,"89":2,"91":13,"92":13,"98":15,"99":15,"100":15,"104":1,"108":1,"109":1},"path":"/Users/antonoeschmidt/Projects/Master/SmartGridEmpowered/contracts/SmartMeter.sol","s":{"1":14,"2":14,"3":14,"4":14,"5":4,"6":17,"7":15,"8":2,"9":17,"10":17,"11":15,"12":2,"13":13,"14":15,"15":15,"16":1,"17":1},"b":{"1":[14,0],"2":[14,0],"3":[13,1],"4":[15,2],"5":[17,0],"6":[15,2],"7":[2,13],"8":[15,0],"9":[1,0]},"f":{"1":18,"2":14,"3":4,"4":17,"5":17,"6":15,"7":1},"fnMap":{"1":{"name":"constructor","line":15,"loc":{"start":{"line":15,"column":4},"end":{"line":20,"column":4}}},"2":{"name":"createLog","line":31,"loc":{"start":{"line":31,"column":4},"end":{"line":58,"column":4}}},"3":{"name":"getBatteryCharge","line":60,"loc":{"start":{"line":60,"column":4},"end":{"line":62,"column":4}}},"4":{"name":"checkHashAndSetHash","line":64,"loc":{"start":{"line":64,"column":4},"end":{"line":73,"column":4}}},"5":{"name":"subtractBatteryCharge","line":75,"loc":{"start":{"line":75,"column":4},"end":{"line":93,"column":4}}},"6":{"name":"setCurrentMarketAddress","line":95,"loc":{"start":{"line":95,"column":4},"end":{"line":101,"column":4}}},"7":{"name":"returnReservedBatteryCharge","line":103,"loc":{"start":{"line":103,"column":4},"end":{"line":110,"column":4}}}},"statementMap":{"1":{"start":{"line":35,"column":8},"end":{"line":35,"column":65}},"2":{"start":{"line":36,"column":8},"end":{"line":36,"column":944}},"3":{"start":{"line":43,"column":8},"end":{"line":43,"column":1216}},"4":{"start":{"line":47,"column":8},"end":{"line":47,"column":1371}},"5":{"start":{"line":61,"column":8},"end":{"line":61,"column":28}},"6":{"start":{"line":68,"column":8},"end":{"line":68,"column":1969}},"7":{"start":{"line":70,"column":12},"end":{"line":70,"column":23}},"8":{"start":{"line":72,"column":8},"end":{"line":72,"column":20}},"9":{"start":{"line":80,"column":8},"end":{"line":80,"column":2250}},"10":{"start":{"line":84,"column":8},"end":{"line":84,"column":2384}},"11":{"start":{"line":88,"column":8},"end":{"line":88,"column":2513}},"12":{"start":{"line":89,"column":12},"end":{"line":89,"column":24}},"13":{"start":{"line":92,"column":8},"end":{"line":92,"column":19}},"14":{"start":{"line":98,"column":8},"end":{"line":98,"column":75}},"15":{"start":{"line":100,"column":8},"end":{"line":100,"column":19}},"16":{"start":{"line":104,"column":8},"end":{"line":104,"column":2976}},"17":{"start":{"line":109,"column":8},"end":{"line":109,"column":19}}},"branchMap":{"1":{"line":35,"type":"if","locations":[{"start":{"line":35,"column":8},"end":{"line":35,"column":8}},{"start":{"line":35,"column":8},"end":{"line":35,"column":8}}]},"2":{"line":36,"type":"if","locations":[{"start":{"line":36,"column":8},"end":{"line":36,"column":8}},{"start":{"line":36,"column":8},"end":{"line":36,"column":8}}]},"3":{"line":43,"type":"if","locations":[{"start":{"line":43,"column":8},"end":{"line":43,"column":8}},{"start":{"line":43,"column":8},"end":{"line":43,"column":8}}]},"4":{"line":68,"type":"if","locations":[{"start":{"line":68,"column":8},"end":{"line":68,"column":8}},{"start":{"line":68,"column":8},"end":{"line":68,"column":8}}]},"5":{"line":80,"type":"if","locations":[{"start":{"line":80,"column":8},"end":{"line":80,"column":8}},{"start":{"line":80,"column":8},"end":{"line":80,"column":8}}]},"6":{"line":84,"type":"if","locations":[{"start":{"line":84,"column":8},"end":{"line":84,"column":8}},{"start":{"line":84,"column":8},"end":{"line":84,"column":8}}]},"7":{"line":88,"type":"if","locations":[{"start":{"line":88,"column":8},"end":{"line":88,"column":8}},{"start":{"line":88,"column":8},"end":{"line":88,"column":8}}]},"8":{"line":98,"type":"if","locations":[{"start":{"line":98,"column":8},"end":{"line":98,"column":8}},{"start":{"line":98,"column":8},"end":{"line":98,"column":8}}]},"9":{"line":104,"type":"if","locations":[{"start":{"line":104,"column":8},"end":{"line":104,"column":8}},{"start":{"line":104,"column":8},"end":{"line":104,"column":8}}]}}}}
