TN:
SF:/Users/antonoeschmidt/Projects/Master/SmartGridEmpowered/contracts/CableCompany.sol
FN:10,constructor
FN:14,registerKey
FN:19,isRegisteredKey
FN:23,removeRegisteredKey
FN:28,getOwner
FNF:5
FNH:5
FNDA:18,constructor
FNDA:14,registerKey
FNDA:23,isRegisteredKey
FNDA:1,removeRegisteredKey
FNDA:1,getOwner
DA:11,18
DA:15,14
DA:16,14
DA:20,23
DA:24,1
DA:25,1
DA:29,1
LF:7
LH:7
BRDA:15,1,0,14
BRDA:15,1,1,0
BRDA:24,2,0,1
BRDA:24,2,1,0
BRF:4
BRH:2
end_of_record
TN:
SF:/Users/antonoeschmidt/Projects/Master/SmartGridEmpowered/contracts/Market.sol
FN:57,nonceGuard
FN:66,constructor
FN:82,addOffer
FN:118,removeOffer
FN:136,buyOffer
FN:179,getOffer
FN:183,getOffers
FN:194,getOfferIDs
FN:198,getLatestSupplyContract
FN:202,getPendingOffers
FN:227,constructor
FN:243,getBuyer
FN:247,getSeller
FN:251,getAmount
FN:255,getPrice
FN:259,getInfo
FNF:16
FNH:12
FNDA:20,nonceGuard
FNDA:14,constructor
FNDA:18,addOffer
FNDA:1,removeOffer
FNDA:5,buyOffer
FNDA:2,getOffer
FNDA:1,getOffers
FNDA:2,getOfferIDs
FNDA:0,getLatestSupplyContract
FNDA:0,getPendingOffers
FNDA:6,constructor
FNDA:1,getBuyer
FNDA:1,getSeller
FNDA:0,getAmount
FNDA:0,getPrice
FNDA:1,getInfo
DA:58,20
DA:60,20
DA:61,2
DA:63,18
DA:67,14
DA:68,14
DA:84,18
DA:88,18
DA:92,16
DA:94,16
DA:95,16
DA:101,12
DA:102,12
DA:113,12
DA:115,12
DA:123,1
DA:127,1
DA:131,1
DA:133,1
DA:141,5
DA:144,5
DA:148,5
DA:149,5
DA:150,5
DA:151,5
DA:152,5
DA:153,5
DA:154,5
DA:155,3
DA:158,1
DA:165,1
DA:166,1
DA:168,1
DA:170,1
DA:171,1
DA:172,1
DA:176,1
DA:180,2
DA:184,1
DA:185,1
DA:186,1
DA:187,1
DA:189,1
DA:191,1
DA:195,2
DA:199,0
DA:203,0
DA:234,6
DA:235,6
DA:236,6
DA:237,6
DA:238,6
DA:239,6
DA:240,6
DA:244,1
DA:248,1
DA:252,0
DA:256,0
DA:260,1
DA:271,1
LF:60
LH:56
BRDA:60,1,0,2
BRDA:60,1,1,18
BRDA:82,2,0,18
BRDA:82,2,1,2
BRDA:84,3,0,18
BRDA:84,3,1,0
BRDA:88,4,0,16
BRDA:88,4,1,2
BRDA:92,5,0,16
BRDA:92,5,1,0
BRDA:95,6,0,12
BRDA:95,6,1,4
BRDA:127,7,0,1
BRDA:127,7,1,0
BRDA:144,8,0,5
BRDA:144,8,1,0
BRDA:154,9,0,3
BRDA:154,9,1,2
BRDA:155,10,0,1
BRDA:155,10,1,2
BRDA:170,11,0,1
BRDA:170,11,1,0
BRF:22
BRH:17
end_of_record
TN:
SF:/Users/antonoeschmidt/Projects/Master/SmartGridEmpowered/contracts/SmartMeter.sol
FN:15,constructor
FN:31,createLog
FN:60,getBatteryCharge
FN:64,checkHashAndSetHash
FN:75,subtractBatteryCharge
FN:95,setCurrentMarketAddress
FN:103,returnReservedBatteryCharge
FNF:7
FNH:6
FNDA:17,constructor
FNDA:13,createLog
FNDA:1,getBatteryCharge
FNDA:17,checkHashAndSetHash
FNDA:17,subtractBatteryCharge
FNDA:14,setCurrentMarketAddress
FNDA:0,returnReservedBatteryCharge
DA:16,17
DA:17,17
DA:18,17
DA:19,17
DA:35,13
DA:36,13
DA:40,13
DA:41,13
DA:43,13
DA:44,12
DA:47,13
DA:57,13
DA:61,1
DA:68,17
DA:69,15
DA:70,15
DA:72,2
DA:80,17
DA:84,17
DA:88,15
DA:89,2
DA:91,13
DA:92,13
DA:98,14
DA:99,14
DA:100,14
DA:104,0
DA:108,0
DA:109,0
LF:29
LH:26
BRDA:35,1,0,13
BRDA:35,1,1,0
BRDA:36,2,0,13
BRDA:36,2,1,0
BRDA:43,3,0,12
BRDA:43,3,1,1
BRDA:68,4,0,15
BRDA:68,4,1,2
BRDA:80,5,0,17
BRDA:80,5,1,0
BRDA:84,6,0,15
BRDA:84,6,1,2
BRDA:88,7,0,2
BRDA:88,7,1,13
BRDA:98,8,0,14
BRDA:98,8,1,0
BRDA:104,9,0,0
BRDA:104,9,1,0
BRF:18
BRH:12
end_of_record
