TN:
SF:/home/nobert/speciale/blockchain/contracts/DSO.sol
FN:11,constructor
FN:15,registerKey
FN:20,isRegisteredKey
FN:24,removeRegisteredKey
FN:29,getOwner
FN:33,getGroupkey
FN:37,setGroupKey
FNF:7
FNH:7
FNDA:23,constructor
FNDA:22,registerKey
FNDA:31,isRegisteredKey
FNDA:1,removeRegisteredKey
FNDA:1,getOwner
FNDA:1,getGroupkey
FNDA:1,setGroupKey
DA:12,23
DA:16,22
DA:17,22
DA:21,31
DA:25,1
DA:26,1
DA:30,1
DA:34,1
DA:38,1
DA:39,1
LF:10
LH:10
BRDA:16,1,0,22
BRDA:16,1,1,0
BRDA:25,2,0,1
BRDA:25,2,1,0
BRDA:38,3,0,1
BRDA:38,3,1,0
BRF:6
BRH:3
end_of_record
TN:
SF:/home/nobert/speciale/blockchain/contracts/Market.sol
FN:72,nonceGuard
FN:81,constructor
FN:102,addOffer
FN:142,removeOffer
FN:158,buyOffer
FN:195,getOffer
FN:199,getOffers
FN:210,getOfferIDs
FN:214,getPendingOffers
FN:231,validatePendingOffers
FNF:10
FNH:10
FNDA:28,nonceGuard
FNDA:18,constructor
FNDA:26,addOffer
FNDA:1,removeOffer
FNDA:13,buyOffer
FNDA:2,getOffer
FNDA:1,getOffers
FNDA:2,getOfferIDs
FNDA:6,getPendingOffers
FNDA:4,validatePendingOffers
DA:73,28
DA:75,28
DA:76,2
DA:78,26
DA:85,18
DA:86,18
DA:87,18
DA:88,18
DA:104,26
DA:108,26
DA:112,24
DA:114,24
DA:125,20
DA:126,20
DA:137,20
DA:139,20
DA:146,1
DA:149,1
DA:152,1
DA:153,1
DA:155,1
DA:160,13
DA:163,13
DA:167,13
DA:168,11
DA:172,9
DA:174,9
DA:186,9
DA:188,9
DA:189,9
DA:190,9
DA:196,2
DA:200,1
DA:201,1
DA:202,1
DA:203,1
DA:205,1
DA:207,1
DA:211,2
DA:219,6
DA:234,4
DA:235,4
DA:236,7
DA:240,7
DA:241,3
DA:250,4
DA:257,4
DA:259,7
DA:260,1
DA:265,7
LF:50
LH:50
BRDA:75,1,0,2
BRDA:75,1,1,26
BRDA:102,2,0,26
BRDA:102,2,1,2
BRDA:104,3,0,26
BRDA:104,3,1,0
BRDA:108,4,0,24
BRDA:108,4,1,2
BRDA:112,5,0,24
BRDA:112,5,1,0
BRDA:114,6,0,20
BRDA:114,6,1,4
BRDA:149,7,0,1
BRDA:149,7,1,0
BRDA:163,8,0,13
BRDA:163,8,1,0
BRDA:167,9,0,11
BRDA:167,9,1,2
BRDA:168,10,0,9
BRDA:168,10,1,2
BRDA:188,11,0,9
BRDA:188,11,1,0
BRDA:234,12,0,4
BRDA:234,12,1,0
BRDA:240,13,0,3
BRDA:240,13,1,4
BRDA:259,14,0,1
BRDA:259,14,1,6
BRF:28
BRH:22
end_of_record
TN:
SF:/home/nobert/speciale/blockchain/contracts/SmartMeter.sol
FN:19,createLog
FN:46,getBatteryCharge
FN:52,checkHashAndSetHash
FN:64,subtractBatteryCharge
FN:85,returnReservedBatteryCharge
FN:97,setMarketAddress
FN:101,createSmartMeter
FNF:7
FNH:7
FNDA:23,createLog
FNDA:8,getBatteryCharge
FNDA:26,checkHashAndSetHash
FNDA:28,subtractBatteryCharge
FNDA:8,returnReservedBatteryCharge
FNDA:1,setMarketAddress
FNDA:26,createSmartMeter
DA:23,23
DA:29,23
DA:31,23
DA:32,20
DA:34,3
DA:35,2
DA:37,1
DA:41,23
DA:43,23
DA:49,8
DA:57,26
DA:58,24
DA:59,24
DA:61,2
DA:70,28
DA:74,26
DA:78,24
DA:79,2
DA:81,22
DA:82,22
DA:89,8
DA:93,8
DA:94,8
DA:98,1
DA:102,26
LF:25
LH:25
BRDA:23,1,0,23
BRDA:23,1,1,0
BRDA:31,2,0,20
BRDA:31,2,1,3
BRDA:34,3,0,2
BRDA:34,3,1,1
BRDA:57,4,0,24
BRDA:57,4,1,2
BRDA:70,5,0,26
BRDA:70,5,1,2
BRDA:74,6,0,24
BRDA:74,6,1,2
BRDA:78,7,0,2
BRDA:78,7,1,22
BRDA:89,8,0,8
BRDA:89,8,1,0
BRF:16
BRH:14
end_of_record
